<?xml version="1.0" encoding="UTF-8"?>
<!-- Generated by org.testng.reporters.JUnitReportReporter -->
<testsuite skipped="0" hostname="Hp" name="UdemyAcademy.HomePage" tests="2" failures="0" timestamp="2020-03-09T07:27:32 IST" time="66.673" errors="0">
  <testcase name="initializeBrowser" time="38.864" classname="UdemyAcademy.HomePage"/>
  <system-out/>
  <testcase name="initializeBrowser" time="27.809" classname="UdemyAcademy.HomePage"/>
  <system-out/>
</testsuite> <!-- UdemyAcademy.HomePage -->
