<?xml version="1.0" encoding="UTF-8"?>
<!-- Generated by org.testng.reporters.JUnitReportReporter -->
<testsuite skipped="0" hostname="Hp" name="UdemyAcademy.ValidateNavigation" tests="1" failures="0" timestamp="2020-03-10T14:59:29 IST" time="0.582" errors="0">
  <testcase name="validationOfNavigation" time="0.582" classname="UdemyAcademy.ValidateNavigation"/>
  <system-out/>
</testsuite> <!-- UdemyAcademy.ValidateNavigation -->
